This is pdfTeX, Version 3.14159265-2.6-1.40.16 (TeX Live 2015/Debian) (preloaded format=pdflatex 2017.9.26)  16 OCT 2017 00:54
entering extended mode
 restricted \write18 enabled.
 %&-line parsing enabled.
**match_cnn_paper.tex
(./match_cnn_paper.tex
LaTeX2e <2016/02/01>
Babel <3.9q> and hyphenation patterns for 14 language(s) loaded.
(/usr/share/texlive/texmf-dist/tex/latex/revtex/revtex4-1.cls
Document Class: revtex4-1 2010/07/25/20:33:00 4.1r (http://publish.aps.org/revt
ex4/ for documentation)
 Copyright (c) 2009 The American Physical Society.
 mailto:revtex@aps.org
 Licensed under the LPPL:
http://www.ctan.org/tex-archive/macros/latex/base/lppl.txt
 Arthur Ogawa <arthur_ogawa at sbcglobal dot net>
 Based on work by David Carlisle <david at dcarlisle.demon.co.uk>.
ltxutil[2010/07/25/20:33:00 4.1r utilities package (portions licensed from W. E
. Baxter web at superscript.com)]
LaTeX Info: Redefining \@centercr on input line 308.
Class revtex4-1 Info: Repairing broken LaTeX eqnarray on input line 358.
\eqncolsep=\skip41
Class revtex4-1 Info: Repairing hyperref-unfriendly LaTeX definition of \mpfoot
note on input line 433.
Class revtex4-1 Info: Repairing broken LateX \@sect on input line 755.
\intertabularlinepenalty=\count79
\@tbpen=\count80
\@arstrutbox@hline=\box26
Class revtex4-1 Info: Repairing broken LaTeX \@xbitor on input line 1786.
Class revtex4-1 Info: Making \typeout \long on input line 2046.
ltxfront[2010/07/25/20:33:00 4.1r frontmatter package (AO,DPC)]
\c@affil=\count81
\c@collab=\count82
\absbox=\box27
ltxgrid[2010/07/25/20:33:00 4.1r page grid package (portions licensed from W. E
. Baxter web at superscript.com)]
\c@linecount=\count83
\output@latex=\toks14
\box@size@1=\box28
\box@size@2=\box29
\@protection@box=\box30
\@topmark@saved=\toks15
\footins@saved=\box31
\footins@recovered=\box32
\column@recovered=\box33
\pagesofar=\box34
\footsofar=\box35
\pagegrid@col=\count84
Class revtex4-1 Info: Overriding \@vspace, \@vspacer, \@no@pgbk, \@newline, and
 \\  on input line 5578.
\c@part=\count85
\c@section=\count86
\c@subsection=\count87
\c@subsubsection=\count88
\c@paragraph=\count89
\c@subparagraph=\count90
\abovecaptionskip=\skip42
\belowcaptionskip=\skip43
\c@figure=\count91
\fbox@1=\box36
\c@table=\count92
\fbox@2=\box37
\c@video=\count93
\fbox@4=\box38
\@bibdataout=\write3
\widetext@top=\box39
\widetext@bot=\box40
Class revtex4-1 Info: Selecting society aps on input line 7542.
(/usr/share/texlive/texmf-dist/tex/latex/revtex/aps4-1.rtx
File: aps4-1 2010/07/25/20:33:00 4.1r (http://publish.aps.org/revtex4/ for docu
mentation)
Class revtex4-1 Info: RevTeX society APS selected on input line 31.
)

Class revtex4-1 Warning: No journal specified, using default pra.

Class revtex4-1 Info: APS journal PRA selected on input line 7545.

Class revtex4-1 Warning: No type size specified, using default 10.

(/usr/share/texlive/texmf-dist/tex/latex/revtex/aps10pt4-1.rtx
File: aps10pt4-1 2010/07/25/20:33:00 4.1r (http://publish.aps.org/revtex4/ for 
documentation)
Class revtex4-1 Info: RevTeX pointsize 10pt selected on input line 30.
)
(/usr/share/texlive/texmf-dist/tex/latex/textcase/textcase.sty
Package: textcase 2004/10/07 v0.07 Text only upper/lower case changing (DPC)
)
(/usr/share/texlive/texmf-dist/tex/latex/amsfonts/amssymb.sty
Package: amssymb 2013/01/14 v3.01 AMS font symbols

(/usr/share/texlive/texmf-dist/tex/latex/amsfonts/amsfonts.sty
Package: amsfonts 2013/01/14 v3.01 Basic AMSFonts support
\@emptytoks=\toks16
\symAMSa=\mathgroup4
\symAMSb=\mathgroup5
LaTeX Font Info:    Overwriting math alphabet `\mathfrak' in version `bold'
(Font)                  U/euf/m/n --> U/euf/b/n on input line 106.
))
(/usr/share/texlive/texmf-dist/tex/latex/amsmath/amsmath.sty
Package: amsmath 2016/03/03 v2.15a AMS math features
\@mathmargin=\skip44

For additional information on amsmath, use the `?' option.
(/usr/share/texlive/texmf-dist/tex/latex/amsmath/amstext.sty
Package: amstext 2000/06/29 v2.01 AMS text

(/usr/share/texlive/texmf-dist/tex/latex/amsmath/amsgen.sty
File: amsgen.sty 1999/11/30 v2.0 generic functions
\@emptytoks=\toks17
\ex@=\dimen102
)
LaTeX Info: Redefining \text on input line 28.
)
(/usr/share/texlive/texmf-dist/tex/latex/amsmath/amsbsy.sty
Package: amsbsy 1999/11/29 v1.2d Bold Symbols
\pmbraise@=\dimen103
)
(/usr/share/texlive/texmf-dist/tex/latex/amsmath/amsopn.sty
Package: amsopn 1999/12/14 v2.01 operator names
)
\inf@bad=\count94
LaTeX Info: Redefining \frac on input line 199.
\uproot@=\count95
\leftroot@=\count96
LaTeX Info: Redefining \overline on input line 297.
\classnum@=\count97
\DOTSCASE@=\count98
LaTeX Info: Redefining \ldots on input line 394.
LaTeX Info: Redefining \dots on input line 397.
LaTeX Info: Redefining \cdots on input line 518.
\Mathstrutbox@=\box41
\strutbox@=\box42
\big@size=\dimen104
LaTeX Font Info:    Redeclaring font encoding OML on input line 630.
LaTeX Font Info:    Redeclaring font encoding OMS on input line 631.
\macc@depth=\count99
\c@MaxMatrixCols=\count100
\dotsspace@=\muskip10
\c@parentequation=\count101
\dspbrk@lvl=\count102
\tag@help=\toks18
\row@=\count103
\column@=\count104
\maxfields@=\count105
\andhelp@=\toks19
\eqnshift@=\dimen105
\alignsep@=\dimen106
\tagshift@=\dimen107
\tagwidth@=\dimen108
\totwidth@=\dimen109
\lineht@=\dimen110
\@envbody=\toks20
\multlinegap=\skip45
\multlinetaggap=\skip46
\mathdisplay@stack=\toks21
LaTeX Info: Redefining \[ on input line 2735.
LaTeX Info: Redefining \] on input line 2736.
)
(/usr/share/texlive/texmf-dist/tex/latex/url/url.sty
\Urlmuskip=\muskip11
Package: url 2013/09/16  ver 3.4  Verb mode for urls, etc.
)
(/usr/share/texlive/texmf-dist/tex/latex/natbib/natbib.sty
Package: natbib 2010/09/13 8.31b (PWD, AO)
\bibhang=\skip47
\bibsep=\skip48
LaTeX Info: Redefining \cite on input line 694.
\c@NAT@ctr=\count106
)
Class revtex4-1 Info: Repairing natbib's \BibitemShut on input line 7549.

(/usr/share/texlive/texmf-dist/tex/latex/revtex/revsymb4-1.sty
Package: revsymb4-1 2010/07/25/20:33:00 4.1r (http://publish.aps.org/revtex4/ f
or documentation)
LaTeX Info: Redefining \frak on input line 95.
LaTeX Info: Redefining \Bbb on input line 111.
LaTeX Info: Redefining \REV@mathfrak on input line 119.
))
(/usr/share/texlive/texmf-dist/tex/latex/graphics/graphicx.sty
Package: graphicx 2014/10/28 v1.0g Enhanced LaTeX Graphics (DPC,SPQR)

(/usr/share/texlive/texmf-dist/tex/latex/graphics/keyval.sty
Package: keyval 2014/10/28 v1.15 key=value parser (DPC)
\KV@toks@=\toks22
)
(/usr/share/texlive/texmf-dist/tex/latex/graphics/graphics.sty
Package: graphics 2016/01/03 v1.0q Standard LaTeX Graphics (DPC,SPQR)

(/usr/share/texlive/texmf-dist/tex/latex/graphics/trig.sty
Package: trig 2016/01/03 v1.10 sin cos tan (DPC)
)
(/usr/share/texlive/texmf-dist/tex/latex/latexconfig/graphics.cfg
File: graphics.cfg 2010/04/23 v1.9 graphics configuration of TeX Live
)
Package graphics Info: Driver file: pdftex.def on input line 95.

(/usr/share/texlive/texmf-dist/tex/latex/pdftex-def/pdftex.def
File: pdftex.def 2011/05/27 v0.06d Graphics/color for pdfTeX

(/usr/share/texlive/texmf-dist/tex/generic/oberdiek/infwarerr.sty
Package: infwarerr 2010/04/08 v1.3 Providing info/warning/error messages (HO)
)
(/usr/share/texlive/texmf-dist/tex/generic/oberdiek/ltxcmds.sty
Package: ltxcmds 2011/11/09 v1.22 LaTeX kernel commands for general use (HO)
)
\Gread@gobject=\count107
))
\Gin@req@height=\dimen111
\Gin@req@width=\dimen112
)
(/usr/share/texlive/texmf-dist/tex/latex/tools/dcolumn.sty
Package: dcolumn 2014/10/28 v1.06 decimal alignment package (DPC)

(/usr/share/texlive/texmf-dist/tex/latex/tools/array.sty
Package: array 2014/10/28 v2.4c Tabular extension package (FMi)
\col@sep=\dimen113
\extrarowheight=\dimen114
\NC@list=\toks23
\extratabsurround=\skip49
\backup@length=\skip50
))
(/usr/share/texlive/texmf-dist/tex/latex/tools/bm.sty
Package: bm 2014/10/28 v1.1c Bold Symbol Support (DPC/FMi)
\symboldoperators=\mathgroup6
\symboldletters=\mathgroup7
\symboldsymbols=\mathgroup8
LaTeX Font Info:    Redeclaring math alphabet \mathbf on input line 141.
LaTeX Info: Redefining \bm on input line 207.
)
(/usr/share/texlive/texmf-dist/tex/latex/lineno/lineno.sty
Package: lineno 2005/11/02 line numbers on paragraphs v4.41
\linenopenalty=\count108
\output=\toks24
\linenoprevgraf=\count109
\linenumbersep=\dimen115
\linenumberwidth=\dimen116
\c@linenumber=\count110
\c@pagewiselinenumber=\count111
\c@LN@truepage=\count112
\c@internallinenumber=\count113
\c@internallinenumbers=\count114
\quotelinenumbersep=\dimen117
\bframerule=\dimen118
\bframesep=\dimen119
\bframebox=\box43
LaTeX Info: Redefining \\ on input line 3056.
)
Class revtex4-1 Info: Patching array package. on input line 61.
Class revtex4-1 Info: Robustifying \LaTeX's \boldmath command on input line 61.

Class revtex4-1 Info: cite was not loaded (OK!) on input line 61.
Class revtex4-1 Info: mcite was not loaded (OK!) on input line 61.
Class revtex4-1 Info: multicol was not loaded (OK!) on input line 61.

(./match_cnn_paper.aux)
\openout1 = `match_cnn_paper.aux'.

LaTeX Font Info:    Checking defaults for OML/cmm/m/it on input line 61.
LaTeX Font Info:    ... okay on input line 61.
LaTeX Font Info:    Checking defaults for T1/cmr/m/n on input line 61.
LaTeX Font Info:    ... okay on input line 61.
LaTeX Font Info:    Checking defaults for OT1/cmr/m/n on input line 61.
LaTeX Font Info:    ... okay on input line 61.
LaTeX Font Info:    Checking defaults for OMS/cmsy/m/n on input line 61.
LaTeX Font Info:    ... okay on input line 61.
LaTeX Font Info:    Checking defaults for OMX/cmex/m/n on input line 61.
LaTeX Font Info:    ... okay on input line 61.
LaTeX Font Info:    Checking defaults for U/cmr/m/n on input line 61.
LaTeX Font Info:    ... okay on input line 61.

(/usr/share/texlive/texmf-dist/tex/context/base/supp-pdf.mkii
[Loading MPS to PDF converter (version 2006.09.02).]
\scratchcounter=\count115
\scratchdimen=\dimen120
\scratchbox=\box44
\nofMPsegments=\count116
\nofMParguments=\count117
\everyMPshowfont=\toks25
\MPscratchCnt=\count118
\MPscratchDim=\dimen121
\MPnumerator=\count119
\makeMPintoPDFobject=\count120
\everyMPtoPDFconversion=\toks26
) (/usr/share/texlive/texmf-dist/tex/generic/oberdiek/pdftexcmds.sty
Package: pdftexcmds 2011/11/29 v0.20 Utility functions of pdfTeX for LuaTeX (HO
)

(/usr/share/texlive/texmf-dist/tex/generic/oberdiek/ifluatex.sty
Package: ifluatex 2010/03/01 v1.3 Provides the ifluatex switch (HO)
Package ifluatex Info: LuaTeX not detected.
)
(/usr/share/texlive/texmf-dist/tex/generic/oberdiek/ifpdf.sty
Package: ifpdf 2011/01/30 v2.3 Provides the ifpdf switch (HO)
Package ifpdf Info: pdfTeX in PDF mode is detected.
)
Package pdftexcmds Info: LuaTeX not detected.
Package pdftexcmds Info: \pdf@primitive is available.
Package pdftexcmds Info: \pdf@ifprimitive is available.
Package pdftexcmds Info: \pdfdraftmode found.
)
(/usr/share/texlive/texmf-dist/tex/latex/oberdiek/epstopdf-base.sty
Package: epstopdf-base 2010/02/09 v2.5 Base part for package epstopdf

(/usr/share/texlive/texmf-dist/tex/latex/oberdiek/grfext.sty
Package: grfext 2010/08/19 v1.1 Manage graphics extensions (HO)

(/usr/share/texlive/texmf-dist/tex/generic/oberdiek/kvdefinekeys.sty
Package: kvdefinekeys 2011/04/07 v1.3 Define keys (HO)
))
(/usr/share/texlive/texmf-dist/tex/latex/oberdiek/kvoptions.sty
Package: kvoptions 2011/06/30 v3.11 Key value format for package options (HO)

(/usr/share/texlive/texmf-dist/tex/generic/oberdiek/kvsetkeys.sty
Package: kvsetkeys 2012/04/25 v1.16 Key value parser (HO)

(/usr/share/texlive/texmf-dist/tex/generic/oberdiek/etexcmds.sty
Package: etexcmds 2011/02/16 v1.5 Avoid name clashes with e-TeX commands (HO)
Package etexcmds Info: Could not find \expanded.
(etexcmds)             That can mean that you are not using pdfTeX 1.50 or
(etexcmds)             that some package has redefined \expanded.
(etexcmds)             In the latter case, load this package earlier.
)))
Package grfext Info: Graphics extension search list:
(grfext)             [.png,.pdf,.jpg,.mps,.jpeg,.jbig2,.jb2,.PNG,.PDF,.JPG,.JPE
G,.JBIG2,.JB2,.eps]
(grfext)             \AppendGraphicsExtensions on input line 452.

(/usr/share/texlive/texmf-dist/tex/latex/latexconfig/epstopdf-sys.cfg
File: epstopdf-sys.cfg 2010/07/13 v1.3 Configuration of (r)epstopdf for TeX Liv
e
))
Class revtex4-1 Info: Overriding lineo.sty, restoring output routine, on input 
line 61.
Class revtex4-1 Info: Reinvoke \linenumbers on input line 61.
\openout3 = `match_cnn_paperNotes.bib'.

Class revtex4-1 Info: Overriding \@LN@LLerror on input line 61.
LaTeX Font Info:    Try loading font information for U+msa on input line 93.

(/usr/share/texlive/texmf-dist/tex/latex/amsfonts/umsa.fd
File: umsa.fd 2013/01/14 v3.01 AMS symbols A
)
LaTeX Font Info:    Try loading font information for U+msb on input line 93.

(/usr/share/texlive/texmf-dist/tex/latex/amsfonts/umsb.fd
File: umsb.fd 2013/01/14 v3.01 AMS symbols B
)

Class revtex4-1 Warning: If you want your PACS to appear in your output, use do
cument class option showpacs.

[1{/var/lib/texmf/fonts/map/pdftex/updmap/pdftex.map}]
Package epstopdf Info: Source file: <figures/waveform.eps>
(epstopdf)                    date: 2017-10-12 21:18:08
(epstopdf)                    size: 140686 bytes
(epstopdf)             Output file: <figures/waveform-eps-converted-to.pdf>
(epstopdf)                    date: 2017-10-13 14:10:39
(epstopdf)                    size: 60013 bytes
(epstopdf)             Command: <repstopdf --outfile=figures/waveform-eps-conve
rted-to.pdf figures/waveform.eps>
(epstopdf)             \includegraphics on input line 134.
Package epstopdf Info: Output file is already uptodate.

<figures/waveform-eps-converted-to.pdf, id=23, 578.16pt x 433.62pt>
File: figures/waveform-eps-converted-to.pdf Graphic file (type pdf)

<use figures/waveform-eps-converted-to.pdf>
Package pdftex.def Info: figures/waveform-eps-converted-to.pdf used on input li
ne 134.
(pdftex.def)             Requested size: 255.0pt x 191.24992pt.

Overfull \hbox (9.0pt too wide) in paragraph at lines 134--135
 [][] 
 []


Underfull \hbox (badness 10000) in paragraph at lines 149--150

 []

<figures/loss.png, id=24, 462.528pt x 346.896pt>
File: figures/loss.png Graphic file (type png)
 <use figures/loss.png>
Package pdftex.def Info: figures/loss.png used on input line 155.
(pdftex.def)             Requested size: 255.0pt x 191.25389pt.

Overfull \hbox (9.0pt too wide) in paragraph at lines 155--156
 [][] 
 []


LaTeX Warning: `!h' float specifier changed to `!ht'.


LaTeX Warning: No positions in optional float specifier.
               Default added (so using `tbp') on input line 162.


Underfull \hbox (badness 10000) in paragraph at lines 164--164

 []

[2 <./figures/waveform-eps-converted-to.pdf>]

LaTeX Warning: No positions in optional float specifier.
               Default added (so using `tbp') on input line 182.

Package epstopdf Info: Source file: <figures/confusion_matrix.eps>
(epstopdf)                    date: 2017-10-13 00:18:42
(epstopdf)                    size: 39802836 bytes
(epstopdf)             Output file: <figures/confusion_matrix-eps-converted-to.
pdf>
(epstopdf)                    date: 2017-10-13 00:19:04
(epstopdf)                    size: 28083 bytes
(epstopdf)             Command: <repstopdf --outfile=figures/confusion_matrix-e
ps-converted-to.pdf figures/confusion_matrix.eps>
(epstopdf)             \includegraphics on input line 185.
Package epstopdf Info: Output file is already uptodate.
<figures/confusion_matrix-eps-converted-to.pdf, id=57, 433.62pt x 289.08pt>
File: figures/confusion_matrix-eps-converted-to.pdf Graphic file (type pdf)

<use figures/confusion_matrix-eps-converted-to.pdf>
Package pdftex.def Info: figures/confusion_matrix-eps-converted-to.pdf used on 
input line 185.
(pdftex.def)             Requested size: 255.0pt x 169.99992pt.

Overfull \hbox (9.0pt too wide) in paragraph at lines 185--186
 [][] 
 []


LaTeX Warning: No positions in optional float specifier.
               Default added (so using `tbp') on input line 191.

Package epstopdf Info: Source file: <figures/accuracy.eps>
(epstopdf)                    date: 2017-10-12 21:18:03
(epstopdf)                    size: 28220 bytes
(epstopdf)             Output file: <figures/accuracy-eps-converted-to.pdf>
(epstopdf)                    date: 2017-10-12 21:21:18
(epstopdf)                    size: 19196 bytes
(epstopdf)             Command: <repstopdf --outfile=figures/accuracy-eps-conve
rted-to.pdf figures/accuracy.eps>
(epstopdf)             \includegraphics on input line 193.
Package epstopdf Info: Output file is already uptodate.
<figures/accuracy-eps-converted-to.pdf, id=58, 462.72874pt x 346.29375pt>
File: figures/accuracy-eps-converted-to.pdf Graphic file (type pdf)

<use figures/accuracy-eps-converted-to.pdf>
Package pdftex.def Info: figures/accuracy-eps-converted-to.pdf used on input li
ne 193.
(pdftex.def)             Requested size: 255.0pt x 190.83731pt.

Overfull \hbox (9.0pt too wide) in paragraph at lines 193--194
 [][] 
 []

[3 <./figures/loss.png> <./figures/confusion_matrix-eps-converted-to.pdf>]

LaTeX Warning: A float is stuck (cannot be placed) on input line 198.


LaTeX Warning: A float is stuck (cannot be placed) on input line 198.


Class revtex4-1 Warning: Deferred float stuck during \clearpage processing.


LaTeX Warning: No positions in optional float specifier.
               Default added (so using `tbp') on input line 199.

Package epstopdf Info: Source file: <figures/ROC_curves.eps>
(epstopdf)                    date: 2017-10-12 21:17:49
(epstopdf)                    size: 96678 bytes
(epstopdf)             Output file: <figures/ROC_curves-eps-converted-to.pdf>
(epstopdf)                    date: 2017-10-12 21:21:18
(epstopdf)                    size: 32225 bytes
(epstopdf)             Command: <repstopdf --outfile=figures/ROC_curves-eps-con
verted-to.pdf figures/ROC_curves.eps>
(epstopdf)             \includegraphics on input line 201.
Package epstopdf Info: Output file is already uptodate.
<figures/ROC_curves-eps-converted-to.pdf, id=106, 416.55624pt x 382.42876pt>
File: figures/ROC_curves-eps-converted-to.pdf Graphic file (type pdf)

<use figures/ROC_curves-eps-converted-to.pdf>
Package pdftex.def Info: figures/ROC_curves-eps-converted-to.pdf used on input 
line 201.
(pdftex.def)             Requested size: 255.0pt x 234.10982pt.

Overfull \hbox (9.0pt too wide) in paragraph at lines 201--202
 [][] 
 []

No file match_cnn_paper.bbl.
[4 <./figures/accuracy-eps-converted-to.pdf> <./figures/ROC_curves-eps-converte
d-to.pdf>] (./match_cnn_paper.aux) ) 
Here is how much of TeX's memory you used:
 4723 strings out of 494456
 62399 string characters out of 6171385
 149987 words of memory out of 5000000
 8055 multiletter control sequences out of 15000+600000
 17274 words of font info for 64 fonts, out of 8000000 for 9000
 286 hyphenation exceptions out of 8191
 38i,8n,28p,1103b,312s stack positions out of 5000i,500n,10000p,200000b,80000s
</usr/share/texlive/texmf-dist/fonts/type1/
public/amsfonts/cm/cmbx10.pfb></usr/share/texlive/texmf-dist/fonts/type1/public
/amsfonts/cm/cmbx12.pfb></usr/share/texlive/texmf-dist/fonts/type1/public/amsfo
nts/cm/cmbx9.pfb></usr/share/texlive/texmf-dist/fonts/type1/public/amsfonts/cm/
cmex10.pfb></usr/share/texlive/texmf-dist/fonts/type1/public/amsfonts/cm/cmmi10
.pfb></usr/share/texlive/texmf-dist/fonts/type1/public/amsfonts/cm/cmmi7.pfb></
usr/share/texlive/texmf-dist/fonts/type1/public/amsfonts/cm/cmmi9.pfb></usr/sha
re/texlive/texmf-dist/fonts/type1/public/amsfonts/cm/cmr10.pfb></usr/share/texl
ive/texmf-dist/fonts/type1/public/amsfonts/cm/cmr6.pfb></usr/share/texlive/texm
f-dist/fonts/type1/public/amsfonts/cm/cmr7.pfb></usr/share/texlive/texmf-dist/f
onts/type1/public/amsfonts/cm/cmr8.pfb></usr/share/texlive/texmf-dist/fonts/typ
e1/public/amsfonts/cm/cmr9.pfb></usr/share/texlive/texmf-dist/fonts/type1/publi
c/amsfonts/cm/cmss8.pfb></usr/share/texlive/texmf-dist/fonts/type1/public/amsfo
nts/cm/cmsy10.pfb></usr/share/texlive/texmf-dist/fonts/type1/public/amsfonts/cm
/cmsy5.pfb></usr/share/texlive/texmf-dist/fonts/type1/public/amsfonts/cm/cmsy6.
pfb></usr/share/texlive/texmf-dist/fonts/type1/public/amsfonts/cm/cmsy7.pfb></u
sr/share/texlive/texmf-dist/fonts/type1/public/amsfonts/cm/cmsy9.pfb></usr/shar
e/texlive/texmf-dist/fonts/type1/public/amsfonts/cm/cmti10.pfb></usr/share/texl
ive/texmf-dist/fonts/type1/public/amsfonts/cm/cmti9.pfb></usr/share/texlive/tex
mf-dist/fonts/type1/public/amsfonts/cm/cmtt9.pfb>
Output written on match_cnn_paper.pdf (4 pages, 408903 bytes).
PDF statistics:
 255 PDF objects out of 1000 (max. 8388607)
 90 compressed objects within 1 object stream
 0 named destinations out of 1000 (max. 500000)
 26 words of extra memory for PDF output out of 10000 (max. 10000000)

